[2021-01-05 09:11:25.201][Thread-16][INFO][org.springframework.context.support.AbstractApplicationContext][991]:Closing org.springframework.boot.web.servlet.context.AnnotationConfigServletWebServerApplicationContext@110bca17: startup date [Mon Jan 04 15:22:13 CST 2021]; root of context hierarchy
[2021-01-05 09:11:25.446][Thread-16][INFO][org.springframework.jmx.export.MBeanExporter][451]:Unregistering JMX-exposed beans on shutdown
[2021-01-05 09:11:25.449][Thread-16][INFO][org.springframework.jmx.support.MBeanRegistrationSupport][185]:Unregistering JMX-exposed beans
[2021-01-05 09:11:25.486][Thread-16][INFO][com.alibaba.druid.pool.DruidDataSource][1383]:{dataSource-2} closed
[2021-01-05 09:11:27.253][restartedMain][INFO][org.springframework.boot.StartupInfoLogger][50]:Starting MpApplication on Aisino-Chulf with PID 30616 (D:\work\workspace\WebSc-MP-Pro\target\classes started by Chulf in D:\work\workspace\WebSc-MP-Pro)
[2021-01-05 09:11:27.254][restartedMain][INFO][org.springframework.boot.SpringApplication][658]:The following profiles are active: dev
[2021-01-05 09:11:27.265][restartedMain][INFO][org.springframework.context.support.AbstractApplicationContext][588]:Refreshing org.springframework.boot.web.servlet.context.AnnotationConfigServletWebServerApplicationContext@40df9cf1: startup date [Tue Jan 05 09:11:27 CST 2021]; root of context hierarchy
[2021-01-05 09:11:28.090][restartedMain][INFO][org.springframework.data.repository.config.RepositoryConfigurationDelegate][172]:Multiple Spring Data modules found, entering strict repository configuration mode!
[2021-01-05 09:11:28.295][restartedMain][INFO][org.springframework.context.support.PostProcessorRegistrationDelegate$BeanPostProcessorChecker][326]:Bean 'org.springframework.transaction.annotation.ProxyTransactionManagementConfiguration' of type [org.springframework.transaction.annotation.ProxyTransactionManagementConfiguration$$EnhancerBySpringCGLIB$$7f15e8b8] is not eligible for getting processed by all BeanPostProcessors (for example: not eligible for auto-proxying)
[2021-01-05 09:11:28.659][restartedMain][INFO][org.springframework.boot.web.embedded.tomcat.TomcatWebServer][91]:Tomcat initialized with port(s): 9090 (http)
[2021-01-05 09:11:28.663][restartedMain][INFO][org.apache.juli.logging.DirectJDKLog][180]:Initializing ProtocolHandler ["http-nio-9090"]
[2021-01-05 09:11:28.665][restartedMain][INFO][org.apache.juli.logging.DirectJDKLog][180]:Starting service [Tomcat]
[2021-01-05 09:11:28.665][restartedMain][INFO][org.apache.juli.logging.DirectJDKLog][180]:Starting Servlet Engine: Apache Tomcat/8.5.34
[2021-01-05 09:11:28.671][localhost-startStop-1][INFO][org.apache.juli.logging.DirectJDKLog][180]:Loaded APR based Apache Tomcat Native library [1.2.14] using APR version [1.6.2].
[2021-01-05 09:11:28.671][localhost-startStop-1][INFO][org.apache.juli.logging.DirectJDKLog][180]:APR capabilities: IPv6 [true], sendfile [true], accept filters [false], random [true].
[2021-01-05 09:11:28.672][localhost-startStop-1][INFO][org.apache.juli.logging.DirectJDKLog][180]:APR/OpenSSL configuration: useAprConnector [false], useOpenSSL [true]
[2021-01-05 09:11:28.677][localhost-startStop-1][INFO][org.apache.juli.logging.DirectJDKLog][180]:OpenSSL successfully initialized [OpenSSL 1.0.2l  25 May 2017]
[2021-01-05 09:11:28.718][localhost-startStop-1][INFO][org.apache.juli.logging.DirectJDKLog][180]:Initializing Spring embedded WebApplicationContext
[2021-01-05 09:11:28.718][localhost-startStop-1][INFO][org.springframework.boot.web.servlet.context.ServletWebServerApplicationContext][285]:Root WebApplicationContext: initialization completed in 1453 ms
[2021-01-05 09:11:28.743][localhost-startStop-1][INFO][org.springframework.boot.web.servlet.ServletRegistrationBean][187]:Servlet dispatcherServlet mapped to [/]
[2021-01-05 09:11:28.744][localhost-startStop-1][INFO][org.springframework.boot.web.servlet.AbstractFilterRegistrationBean][245]:Mapping filter: 'characterEncodingFilter' to: [/*]
[2021-01-05 09:11:28.744][localhost-startStop-1][INFO][org.springframework.boot.web.servlet.AbstractFilterRegistrationBean][245]:Mapping filter: 'hiddenHttpMethodFilter' to: [/*]
[2021-01-05 09:11:28.744][localhost-startStop-1][INFO][org.springframework.boot.web.servlet.AbstractFilterRegistrationBean][245]:Mapping filter: 'httpPutFormContentFilter' to: [/*]
[2021-01-05 09:11:28.745][localhost-startStop-1][INFO][org.springframework.boot.web.servlet.AbstractFilterRegistrationBean][245]:Mapping filter: 'requestContextFilter' to: [/*]
[2021-01-05 09:11:29.333][restartedMain][INFO][org.springframework.web.servlet.handler.AbstractUrlHandlerMapping][373]:Mapped URL path [/**/favicon.ico] onto handler of type [class org.springframework.web.servlet.resource.ResourceHttpRequestHandler]
[2021-01-05 09:11:29.484][restartedMain][INFO][org.springframework.web.servlet.mvc.method.annotation.RequestMappingHandlerAdapter][588]:Looking for @ControllerAdvice: org.springframework.boot.web.servlet.context.AnnotationConfigServletWebServerApplicationContext@40df9cf1: startup date [Tue Jan 05 09:11:27 CST 2021]; root of context hierarchy
[2021-01-05 09:11:29.496][restartedMain][INFO][org.springframework.web.servlet.handler.AbstractHandlerMethodMapping$MappingRegistry][549]:Mapped "{[/toDocList],methods=[GET]}" onto public java.lang.String com.sc.mp.controller.DocController.toDocList(javax.servlet.http.HttpServletRequest,javax.servlet.http.HttpServletResponse,org.springframework.ui.Model,java.lang.String)
[2021-01-05 09:11:29.497][restartedMain][INFO][org.springframework.web.servlet.handler.AbstractHandlerMethodMapping$MappingRegistry][549]:Mapped "{[/toDocListInit]}" onto public com.alibaba.fastjson.JSONObject com.sc.mp.controller.DocController.DocListInit(javax.servlet.http.HttpServletRequest,javax.servlet.http.HttpServletResponse,java.lang.String)
[2021-01-05 09:11:29.497][restartedMain][INFO][org.springframework.web.servlet.handler.AbstractHandlerMethodMapping$MappingRegistry][549]:Mapped "{[/toDocDetail]}" onto public java.lang.String com.sc.mp.controller.DocController.toDocDetail(javax.servlet.http.HttpServletRequest,javax.servlet.http.HttpServletResponse,org.springframework.ui.Model,java.lang.String,java.lang.String)
[2021-01-05 09:11:29.498][restartedMain][INFO][org.springframework.web.servlet.handler.AbstractHandlerMethodMapping$MappingRegistry][549]:Mapped "{[/showTeam]}" onto public com.alibaba.fastjson.JSONObject com.sc.mp.controller.DocController.showTeam(java.lang.String)
[2021-01-05 09:11:29.498][restartedMain][INFO][org.springframework.web.servlet.handler.AbstractHandlerMethodMapping$MappingRegistry][549]:Mapped "{[/transferuser]}" onto public com.alibaba.fastjson.JSONObject com.sc.mp.controller.DocController.transferuser(javax.servlet.http.HttpServletRequest,javax.servlet.http.HttpServletResponse,java.lang.String,java.lang.String)
[2021-01-05 09:11:29.499][restartedMain][INFO][org.springframework.web.servlet.handler.AbstractHandlerMethodMapping$MappingRegistry][549]:Mapped "{[/getQaUserInfo]}" onto public com.alibaba.fastjson.JSONObject com.sc.mp.controller.DocController.getQaUserInfo(javax.servlet.http.HttpServletRequest,javax.servlet.http.HttpServletResponse,java.lang.String,java.lang.String,java.lang.String)
[2021-01-05 09:11:29.499][restartedMain][INFO][org.springframework.web.servlet.handler.AbstractHandlerMethodMapping$MappingRegistry][549]:Mapped "{[/updateDocInfo]}" onto public com.alibaba.fastjson.JSONObject com.sc.mp.controller.DocController.updateDocInfo(javax.servlet.http.HttpServletRequest,javax.servlet.http.HttpServletResponse)
[2021-01-05 09:11:29.499][restartedMain][INFO][org.springframework.web.servlet.handler.AbstractHandlerMethodMapping$MappingRegistry][549]:Mapped "{[/addQaTeamUser]}" onto public com.alibaba.fastjson.JSONObject com.sc.mp.controller.DocController.addQaTeamUser(java.lang.String,java.lang.String,java.lang.String)
[2021-01-05 09:11:29.500][restartedMain][INFO][org.springframework.web.servlet.handler.AbstractHandlerMethodMapping$MappingRegistry][549]:Mapped "{[/delQaTeamUser]}" onto public com.alibaba.fastjson.JSONObject com.sc.mp.controller.DocController.delQaTeamUser(java.lang.String,java.lang.String)
[2021-01-05 09:11:29.500][restartedMain][INFO][org.springframework.web.servlet.handler.AbstractHandlerMethodMapping$MappingRegistry][549]:Mapped "{[/getDistributionDrGridList]}" onto public com.alibaba.fastjson.JSONObject com.sc.mp.controller.DocController.getDistributionDrGridList(javax.servlet.http.HttpServletRequest,javax.servlet.http.HttpServletResponse,java.lang.String,java.lang.String)
[2021-01-05 09:11:29.506][restartedMain][INFO][org.springframework.web.servlet.handler.AbstractHandlerMethodMapping$MappingRegistry][549]:Mapped "{[/index]}" onto public java.lang.String com.sc.mp.controller.IndexController.index(javax.servlet.http.HttpServletRequest,org.springframework.ui.Model)
[2021-01-05 09:11:29.507][restartedMain][INFO][org.springframework.web.servlet.handler.AbstractHandlerMethodMapping$MappingRegistry][549]:Mapped "{[/addCalendar],methods=[POST]}" onto public com.sc.mp.bean.ResultBean com.sc.mp.controller.IndexController.addCalendar(javax.servlet.http.HttpServletRequest)
[2021-01-05 09:11:29.507][restartedMain][INFO][org.springframework.web.servlet.handler.AbstractHandlerMethodMapping$MappingRegistry][549]:Mapped "{[/calendar/del/{id}],methods=[DELETE]}" onto public com.sc.mp.bean.ResultBean com.sc.mp.controller.IndexController.delCalendar(javax.servlet.http.HttpServletRequest,java.lang.String)
[2021-01-05 09:11:29.508][restartedMain][INFO][org.springframework.web.servlet.handler.AbstractHandlerMethodMapping$MappingRegistry][549]:Mapped "{[/toLogin]}" onto public java.lang.String com.sc.mp.controller.IndexController.goLogin()
[2021-01-05 09:11:29.508][restartedMain][INFO][org.springframework.web.servlet.handler.AbstractHandlerMethodMapping$MappingRegistry][549]:Mapped "{[/login]}" onto public java.lang.String com.sc.mp.controller.IndexController.wxworkLogin(javax.servlet.http.HttpServletRequest,java.lang.String,org.springframework.ui.Model)
[2021-01-05 09:11:29.509][restartedMain][INFO][org.springframework.web.servlet.handler.AbstractHandlerMethodMapping$MappingRegistry][549]:Mapped "{[/tip]}" onto public java.lang.String com.sc.mp.controller.IndexController.tip()
[2021-01-05 09:11:29.509][restartedMain][INFO][org.springframework.web.servlet.handler.AbstractHandlerMethodMapping$MappingRegistry][549]:Mapped "{[/calendarScroll],methods=[GET]}" onto public com.sc.mp.bean.PageResultBean<com.sc.mp.model.WebScCalendar> com.sc.mp.controller.IndexController.getCalendarList(javax.servlet.http.HttpServletRequest,int,int,java.lang.String)
[2021-01-05 09:11:29.510][restartedMain][INFO][org.springframework.web.servlet.handler.AbstractHandlerMethodMapping$MappingRegistry][549]:Mapped "{[/login],methods=[POST]}" onto public java.lang.String com.sc.mp.controller.IndexController.login(javax.servlet.http.HttpServletRequest,java.lang.String,java.lang.String,java.lang.String,java.lang.String,org.springframework.ui.Model)
[2021-01-05 09:11:29.510][restartedMain][INFO][org.springframework.web.servlet.handler.AbstractHandlerMethodMapping$MappingRegistry][549]:Mapped "{[/logout]}" onto public java.lang.String com.sc.mp.controller.IndexController.logout(javax.servlet.http.HttpServletRequest,org.springframework.web.servlet.mvc.support.RedirectAttributes)
[2021-01-05 09:11:29.510][restartedMain][INFO][org.springframework.web.servlet.handler.AbstractHandlerMethodMapping$MappingRegistry][549]:Mapped "{[/calendars],methods=[GET]}" onto public com.sc.mp.bean.PageResultBean<com.sc.mp.model.WebScCalendar> com.sc.mp.controller.IndexController.getMyCalendars(javax.servlet.http.HttpServletRequest)
[2021-01-05 09:11:29.511][restartedMain][INFO][org.springframework.web.servlet.handler.AbstractHandlerMethodMapping$MappingRegistry][549]:Mapped "{[/statsWork]}" onto public com.sc.mp.bean.ResultBean com.sc.mp.controller.IndexController.statsWork()
[2021-01-05 09:11:29.512][restartedMain][INFO][org.springframework.web.servlet.handler.AbstractHandlerMethodMapping$MappingRegistry][549]:Mapped "{[/statsMonths]}" onto public com.sc.mp.bean.ResultBean com.sc.mp.controller.IndexController.statsMonths()
[2021-01-05 09:11:29.513][restartedMain][INFO][org.springframework.web.servlet.handler.AbstractHandlerMethodMapping$MappingRegistry][549]:Mapped "{[/statsCity]}" onto public com.sc.mp.bean.ResultBean com.sc.mp.controller.IndexController.statsCity()
[2021-01-05 09:11:29.514][restartedMain][INFO][org.springframework.web.servlet.handler.AbstractHandlerMethodMapping$MappingRegistry][549]:Mapped "{[/organizations]}" onto public com.sc.mp.bean.ResultBean com.sc.mp.controller.IndexController.getOrganizations(java.lang.String,java.lang.String,java.lang.String)
[2021-01-05 09:11:29.515][restartedMain][INFO][org.springframework.web.servlet.handler.AbstractHandlerMethodMapping$MappingRegistry][549]:Mapped "{[/reporting],methods=[POST]}" onto public com.sc.mp.bean.ResultBean com.sc.mp.controller.IndexController.getReporting(java.lang.String)
[2021-01-05 09:11:29.518][restartedMain][INFO][org.springframework.web.servlet.handler.AbstractHandlerMethodMapping$MappingRegistry][549]:Mapped "{[/xcx/login],methods=[POST]}" onto public com.sc.mp.bean.ResultBean com.sc.mp.controller.XcxController.login(java.util.Map<java.lang.String, java.lang.Object>)
[2021-01-05 09:11:29.519][restartedMain][INFO][org.springframework.web.servlet.handler.AbstractHandlerMethodMapping$MappingRegistry][549]:Mapped "{[/xcx/getDocDetail],methods=[GET]}" onto public com.sc.mp.bean.ResultBean com.sc.mp.controller.XcxController.getDocDetail(java.lang.String)
[2021-01-05 09:11:29.520][restartedMain][INFO][org.springframework.web.servlet.handler.AbstractHandlerMethodMapping$MappingRegistry][549]:Mapped "{[/xcx/searchOrderList],methods=[POST]}" onto public com.sc.mp.bean.PageResultBean<com.sc.mp.model.WebScDoc> com.sc.mp.controller.XcxController.searchOrderList(java.util.Map<java.lang.String, java.lang.Object>)
[2021-01-05 09:11:29.520][restartedMain][INFO][org.springframework.web.servlet.handler.AbstractHandlerMethodMapping$MappingRegistry][549]:Mapped "{[/xcx/orderEvaluate],methods=[POST]}" onto public com.sc.mp.bean.ResultBean com.sc.mp.controller.XcxController.orderEvaluate(java.util.Map<java.lang.String, java.lang.Object>)
[2021-01-05 09:11:29.521][restartedMain][INFO][org.springframework.web.servlet.handler.AbstractHandlerMethodMapping$MappingRegistry][549]:Mapped "{[/xcx/saveOrder],methods=[POST]}" onto public com.sc.mp.bean.ResultBean com.sc.mp.controller.XcxController.saveOrder(com.sc.mp.model.WebScDoc)
[2021-01-05 09:11:29.522][restartedMain][INFO][org.springframework.web.servlet.handler.AbstractHandlerMethodMapping$MappingRegistry][549]:Mapped "{[/xcx/signOut],methods=[POST]}" onto public com.sc.mp.bean.ResultBean com.sc.mp.controller.XcxController.signOut(java.util.Map<java.lang.String, java.lang.Object>)
[2021-01-05 09:11:29.522][restartedMain][INFO][org.springframework.web.servlet.handler.AbstractHandlerMethodMapping$MappingRegistry][549]:Mapped "{[/xcx/autoLogin],methods=[POST]}" onto public com.sc.mp.bean.ResultBean com.sc.mp.controller.XcxController.autoLogin(java.util.Map<java.lang.String, java.lang.Object>)
[2021-01-05 09:11:29.522][restartedMain][INFO][org.springframework.web.servlet.handler.AbstractHandlerMethodMapping$MappingRegistry][549]:Mapped "{[/xcx/getAnestheticsAndOperatives],methods=[GET]}" onto public com.sc.mp.bean.ResultBean com.sc.mp.controller.XcxController.getAnestheticsAndOperatives()
[2021-01-05 09:11:29.523][restartedMain][INFO][org.springframework.web.servlet.handler.AbstractHandlerMethodMapping$MappingRegistry][549]:Mapped "{[/xcx/getOperativeCount],methods=[GET]}" onto public com.sc.mp.bean.ResultBean com.sc.mp.controller.XcxController.getOperativeCount(java.lang.String)
[2021-01-05 09:11:29.523][restartedMain][INFO][org.springframework.web.servlet.handler.AbstractHandlerMethodMapping$MappingRegistry][549]:Mapped "{[/xcx/updOperativeLucene],methods=[POST]}" onto public com.sc.mp.bean.ResultBean com.sc.mp.controller.XcxController.updOperativeLucene(java.util.Map<java.lang.String, java.lang.Object>)
[2021-01-05 09:11:29.523][restartedMain][INFO][org.springframework.web.servlet.handler.AbstractHandlerMethodMapping$MappingRegistry][549]:Mapped "{[/xcx/searchOperativeNames],methods=[POST]}" onto public com.sc.mp.bean.ResultBean com.sc.mp.controller.XcxController.searchOperativeNames(java.util.Map<java.lang.String, java.lang.Object>)
[2021-01-05 09:11:29.526][restartedMain][INFO][org.springframework.web.servlet.handler.AbstractHandlerMethodMapping$MappingRegistry][549]:Mapped "{[/error]}" onto public org.springframework.http.ResponseEntity<java.util.Map<java.lang.String, java.lang.Object>> org.springframework.boot.autoconfigure.web.servlet.error.BasicErrorController.error(javax.servlet.http.HttpServletRequest)
[2021-01-05 09:11:29.527][restartedMain][INFO][org.springframework.web.servlet.handler.AbstractHandlerMethodMapping$MappingRegistry][549]:Mapped "{[/error],produces=[text/html]}" onto public org.springframework.web.servlet.ModelAndView org.springframework.boot.autoconfigure.web.servlet.error.BasicErrorController.errorHtml(javax.servlet.http.HttpServletRequest,javax.servlet.http.HttpServletResponse)
[2021-01-05 09:11:29.545][restartedMain][INFO][org.springframework.web.servlet.handler.AbstractUrlHandlerMapping][373]:Mapped URL path [/webjars/**] onto handler of type [class org.springframework.web.servlet.resource.ResourceHttpRequestHandler]
[2021-01-05 09:11:29.546][restartedMain][INFO][org.springframework.web.servlet.handler.AbstractUrlHandlerMapping][373]:Mapped URL path [/**] onto handler of type [class org.springframework.web.servlet.resource.ResourceHttpRequestHandler]
[2021-01-05 09:11:29.822][restartedMain][INFO][org.springframework.boot.devtools.autoconfigure.OptionalLiveReloadServer][57]:LiveReload server is running on port 35729
[2021-01-05 09:11:29.840][restartedMain][INFO][org.springframework.jmx.export.MBeanExporter][433]:Registering beans for JMX exposure on startup
[2021-01-05 09:11:29.841][restartedMain][INFO][org.springframework.jmx.export.MBeanExporter][895]:Bean with name 'dataSource' has been autodetected for JMX exposure
[2021-01-05 09:11:29.844][restartedMain][INFO][org.springframework.jmx.export.MBeanExporter][668]:Located MBean 'dataSource': registering with JMX server as MBean [websc-mp:name=dataSource,type=DruidDataSource]
[2021-01-05 09:11:29.849][restartedMain][INFO][org.apache.juli.logging.DirectJDKLog][180]:Starting ProtocolHandler ["http-nio-9090"]
[2021-01-05 09:11:29.852][restartedMain][INFO][org.apache.juli.logging.DirectJDKLog][180]:Using a shared selector for servlet write/read
[2021-01-05 09:11:29.857][restartedMain][INFO][org.springframework.boot.web.embedded.tomcat.TomcatWebServer][206]:Tomcat started on port(s): 9090 (http) with context path ''
[2021-01-05 09:11:29.858][restartedMain][INFO][org.springframework.boot.StartupInfoLogger][59]:Started MpApplication in 2.719 seconds (JVM running for 64708.795)
[2021-01-05 09:11:29.872][restartedMain][INFO][org.springframework.boot.devtools.autoconfigure.ConditionEvaluationDeltaLoggingListener][56]:Condition evaluation unchanged
[2021-01-05 09:49:32.323][Thread-22][INFO][org.springframework.context.support.AbstractApplicationContext][991]:Closing org.springframework.boot.web.servlet.context.AnnotationConfigServletWebServerApplicationContext@40df9cf1: startup date [Tue Jan 05 09:11:27 CST 2021]; root of context hierarchy
[2021-01-05 09:49:32.334][Thread-22][INFO][org.springframework.jmx.export.MBeanExporter][451]:Unregistering JMX-exposed beans on shutdown
[2021-01-05 09:49:32.335][Thread-22][INFO][org.springframework.jmx.support.MBeanRegistrationSupport][185]:Unregistering JMX-exposed beans
[2021-01-05 09:49:33.342][restartedMain][INFO][org.springframework.boot.StartupInfoLogger][50]:Starting MpApplication on Aisino-Chulf with PID 30616 (D:\work\workspace\WebSc-MP-Pro\target\classes started by Chulf in D:\work\workspace\WebSc-MP-Pro)
[2021-01-05 09:49:33.343][restartedMain][INFO][org.springframework.boot.SpringApplication][658]:The following profiles are active: dev
[2021-01-05 09:49:33.347][restartedMain][INFO][org.springframework.context.support.AbstractApplicationContext][588]:Refreshing org.springframework.boot.web.servlet.context.AnnotationConfigServletWebServerApplicationContext@774b065c: startup date [Tue Jan 05 09:49:33 CST 2021]; root of context hierarchy
[2021-01-05 09:49:33.643][restartedMain][INFO][org.springframework.data.repository.config.RepositoryConfigurationDelegate][172]:Multiple Spring Data modules found, entering strict repository configuration mode!
[2021-01-05 09:49:33.730][restartedMain][INFO][org.springframework.context.support.PostProcessorRegistrationDelegate$BeanPostProcessorChecker][326]:Bean 'org.springframework.transaction.annotation.ProxyTransactionManagementConfiguration' of type [org.springframework.transaction.annotation.ProxyTransactionManagementConfiguration$$EnhancerBySpringCGLIB$$7f15e8b8] is not eligible for getting processed by all BeanPostProcessors (for example: not eligible for auto-proxying)
[2021-01-05 09:49:33.877][restartedMain][INFO][org.springframework.boot.web.embedded.tomcat.TomcatWebServer][91]:Tomcat initialized with port(s): 9090 (http)
[2021-01-05 09:49:33.878][restartedMain][INFO][org.apache.juli.logging.DirectJDKLog][180]:Initializing ProtocolHandler ["http-nio-9090"]
[2021-01-05 09:49:33.878][restartedMain][INFO][org.apache.juli.logging.DirectJDKLog][180]:Starting service [Tomcat]
[2021-01-05 09:49:33.878][restartedMain][INFO][org.apache.juli.logging.DirectJDKLog][180]:Starting Servlet Engine: Apache Tomcat/8.5.34
[2021-01-05 09:49:33.879][localhost-startStop-1][INFO][org.apache.juli.logging.DirectJDKLog][180]:Loaded APR based Apache Tomcat Native library [1.2.14] using APR version [1.6.2].
[2021-01-05 09:49:33.880][localhost-startStop-1][INFO][org.apache.juli.logging.DirectJDKLog][180]:APR capabilities: IPv6 [true], sendfile [true], accept filters [false], random [true].
[2021-01-05 09:49:33.880][localhost-startStop-1][INFO][org.apache.juli.logging.DirectJDKLog][180]:APR/OpenSSL configuration: useAprConnector [false], useOpenSSL [true]
[2021-01-05 09:49:33.880][localhost-startStop-1][INFO][org.apache.juli.logging.DirectJDKLog][180]:OpenSSL successfully initialized [OpenSSL 1.0.2l  25 May 2017]
[2021-01-05 09:49:33.901][localhost-startStop-1][INFO][org.apache.juli.logging.DirectJDKLog][180]:Initializing Spring embedded WebApplicationContext
[2021-01-05 09:49:33.901][localhost-startStop-1][INFO][org.springframework.boot.web.servlet.context.ServletWebServerApplicationContext][285]:Root WebApplicationContext: initialization completed in 554 ms
[2021-01-05 09:49:33.916][localhost-startStop-1][INFO][org.springframework.boot.web.servlet.ServletRegistrationBean][187]:Servlet dispatcherServlet mapped to [/]
[2021-01-05 09:49:33.916][localhost-startStop-1][INFO][org.springframework.boot.web.servlet.AbstractFilterRegistrationBean][245]:Mapping filter: 'characterEncodingFilter' to: [/*]
[2021-01-05 09:49:33.916][localhost-startStop-1][INFO][org.springframework.boot.web.servlet.AbstractFilterRegistrationBean][245]:Mapping filter: 'hiddenHttpMethodFilter' to: [/*]
[2021-01-05 09:49:33.916][localhost-startStop-1][INFO][org.springframework.boot.web.servlet.AbstractFilterRegistrationBean][245]:Mapping filter: 'httpPutFormContentFilter' to: [/*]
[2021-01-05 09:49:33.917][localhost-startStop-1][INFO][org.springframework.boot.web.servlet.AbstractFilterRegistrationBean][245]:Mapping filter: 'requestContextFilter' to: [/*]
[2021-01-05 09:49:34.209][restartedMain][INFO][org.springframework.web.servlet.handler.AbstractUrlHandlerMapping][373]:Mapped URL path [/**/favicon.ico] onto handler of type [class org.springframework.web.servlet.resource.ResourceHttpRequestHandler]
[2021-01-05 09:49:34.298][restartedMain][INFO][org.springframework.web.servlet.mvc.method.annotation.RequestMappingHandlerAdapter][588]:Looking for @ControllerAdvice: org.springframework.boot.web.servlet.context.AnnotationConfigServletWebServerApplicationContext@774b065c: startup date [Tue Jan 05 09:49:33 CST 2021]; root of context hierarchy
[2021-01-05 09:49:34.307][restartedMain][INFO][org.springframework.web.servlet.handler.AbstractHandlerMethodMapping$MappingRegistry][549]:Mapped "{[/toDocList],methods=[GET]}" onto public java.lang.String com.sc.mp.controller.DocController.toDocList(javax.servlet.http.HttpServletRequest,javax.servlet.http.HttpServletResponse,org.springframework.ui.Model,java.lang.String)
[2021-01-05 09:49:34.307][restartedMain][INFO][org.springframework.web.servlet.handler.AbstractHandlerMethodMapping$MappingRegistry][549]:Mapped "{[/toDocListInit]}" onto public com.alibaba.fastjson.JSONObject com.sc.mp.controller.DocController.DocListInit(javax.servlet.http.HttpServletRequest,javax.servlet.http.HttpServletResponse,java.lang.String)
[2021-01-05 09:49:34.308][restartedMain][INFO][org.springframework.web.servlet.handler.AbstractHandlerMethodMapping$MappingRegistry][549]:Mapped "{[/toDocDetail]}" onto public java.lang.String com.sc.mp.controller.DocController.toDocDetail(javax.servlet.http.HttpServletRequest,javax.servlet.http.HttpServletResponse,org.springframework.ui.Model,java.lang.String,java.lang.String)
[2021-01-05 09:49:34.308][restartedMain][INFO][org.springframework.web.servlet.handler.AbstractHandlerMethodMapping$MappingRegistry][549]:Mapped "{[/showTeam]}" onto public com.alibaba.fastjson.JSONObject com.sc.mp.controller.DocController.showTeam(java.lang.String)
[2021-01-05 09:49:34.308][restartedMain][INFO][org.springframework.web.servlet.handler.AbstractHandlerMethodMapping$MappingRegistry][549]:Mapped "{[/transferuser]}" onto public com.alibaba.fastjson.JSONObject com.sc.mp.controller.DocController.transferuser(javax.servlet.http.HttpServletRequest,javax.servlet.http.HttpServletResponse,java.lang.String,java.lang.String)
[2021-01-05 09:49:34.308][restartedMain][INFO][org.springframework.web.servlet.handler.AbstractHandlerMethodMapping$MappingRegistry][549]:Mapped "{[/getQaUserInfo]}" onto public com.alibaba.fastjson.JSONObject com.sc.mp.controller.DocController.getQaUserInfo(javax.servlet.http.HttpServletRequest,javax.servlet.http.HttpServletResponse,java.lang.String,java.lang.String,java.lang.String)
[2021-01-05 09:49:34.309][restartedMain][INFO][org.springframework.web.servlet.handler.AbstractHandlerMethodMapping$MappingRegistry][549]:Mapped "{[/updateDocInfo]}" onto public com.alibaba.fastjson.JSONObject com.sc.mp.controller.DocController.updateDocInfo(javax.servlet.http.HttpServletRequest,javax.servlet.http.HttpServletResponse)
[2021-01-05 09:49:34.309][restartedMain][INFO][org.springframework.web.servlet.handler.AbstractHandlerMethodMapping$MappingRegistry][549]:Mapped "{[/addQaTeamUser]}" onto public com.alibaba.fastjson.JSONObject com.sc.mp.controller.DocController.addQaTeamUser(java.lang.String,java.lang.String,java.lang.String)
[2021-01-05 09:49:34.309][restartedMain][INFO][org.springframework.web.servlet.handler.AbstractHandlerMethodMapping$MappingRegistry][549]:Mapped "{[/delQaTeamUser]}" onto public com.alibaba.fastjson.JSONObject com.sc.mp.controller.DocController.delQaTeamUser(java.lang.String,java.lang.String)
[2021-01-05 09:49:34.309][restartedMain][INFO][org.springframework.web.servlet.handler.AbstractHandlerMethodMapping$MappingRegistry][549]:Mapped "{[/getDistributionDrGridList]}" onto public com.alibaba.fastjson.JSONObject com.sc.mp.controller.DocController.getDistributionDrGridList(javax.servlet.http.HttpServletRequest,javax.servlet.http.HttpServletResponse,java.lang.String,java.lang.String)
[2021-01-05 09:49:34.312][restartedMain][INFO][org.springframework.web.servlet.handler.AbstractHandlerMethodMapping$MappingRegistry][549]:Mapped "{[/index]}" onto public java.lang.String com.sc.mp.controller.IndexController.index(javax.servlet.http.HttpServletRequest,org.springframework.ui.Model)
[2021-01-05 09:49:34.312][restartedMain][INFO][org.springframework.web.servlet.handler.AbstractHandlerMethodMapping$MappingRegistry][549]:Mapped "{[/addCalendar],methods=[POST]}" onto public com.sc.mp.bean.ResultBean com.sc.mp.controller.IndexController.addCalendar(javax.servlet.http.HttpServletRequest)
[2021-01-05 09:49:34.312][restartedMain][INFO][org.springframework.web.servlet.handler.AbstractHandlerMethodMapping$MappingRegistry][549]:Mapped "{[/calendar/del/{id}],methods=[DELETE]}" onto public com.sc.mp.bean.ResultBean com.sc.mp.controller.IndexController.delCalendar(javax.servlet.http.HttpServletRequest,java.lang.String)
[2021-01-05 09:49:34.313][restartedMain][INFO][org.springframework.web.servlet.handler.AbstractHandlerMethodMapping$MappingRegistry][549]:Mapped "{[/toLogin]}" onto public java.lang.String com.sc.mp.controller.IndexController.goLogin()
[2021-01-05 09:49:34.313][restartedMain][INFO][org.springframework.web.servlet.handler.AbstractHandlerMethodMapping$MappingRegistry][549]:Mapped "{[/login]}" onto public java.lang.String com.sc.mp.controller.IndexController.wxworkLogin(javax.servlet.http.HttpServletRequest,java.lang.String,org.springframework.ui.Model)
[2021-01-05 09:49:34.313][restartedMain][INFO][org.springframework.web.servlet.handler.AbstractHandlerMethodMapping$MappingRegistry][549]:Mapped "{[/tip]}" onto public java.lang.String com.sc.mp.controller.IndexController.tip()
[2021-01-05 09:49:34.313][restartedMain][INFO][org.springframework.web.servlet.handler.AbstractHandlerMethodMapping$MappingRegistry][549]:Mapped "{[/calendarScroll],methods=[GET]}" onto public com.sc.mp.bean.PageResultBean<com.sc.mp.model.WebScCalendar> com.sc.mp.controller.IndexController.getCalendarList(javax.servlet.http.HttpServletRequest,int,int,java.lang.String)
[2021-01-05 09:49:34.313][restartedMain][INFO][org.springframework.web.servlet.handler.AbstractHandlerMethodMapping$MappingRegistry][549]:Mapped "{[/login],methods=[POST]}" onto public java.lang.String com.sc.mp.controller.IndexController.login(javax.servlet.http.HttpServletRequest,java.lang.String,java.lang.String,java.lang.String,java.lang.String,org.springframework.ui.Model)
[2021-01-05 09:49:34.313][restartedMain][INFO][org.springframework.web.servlet.handler.AbstractHandlerMethodMapping$MappingRegistry][549]:Mapped "{[/logout]}" onto public java.lang.String com.sc.mp.controller.IndexController.logout(javax.servlet.http.HttpServletRequest,org.springframework.web.servlet.mvc.support.RedirectAttributes)
[2021-01-05 09:49:34.313][restartedMain][INFO][org.springframework.web.servlet.handler.AbstractHandlerMethodMapping$MappingRegistry][549]:Mapped "{[/calendars],methods=[GET]}" onto public com.sc.mp.bean.PageResultBean<com.sc.mp.model.WebScCalendar> com.sc.mp.controller.IndexController.getMyCalendars(javax.servlet.http.HttpServletRequest)
[2021-01-05 09:49:34.313][restartedMain][INFO][org.springframework.web.servlet.handler.AbstractHandlerMethodMapping$MappingRegistry][549]:Mapped "{[/statsWork]}" onto public com.sc.mp.bean.ResultBean com.sc.mp.controller.IndexController.statsWork()
[2021-01-05 09:49:34.314][restartedMain][INFO][org.springframework.web.servlet.handler.AbstractHandlerMethodMapping$MappingRegistry][549]:Mapped "{[/statsMonths]}" onto public com.sc.mp.bean.ResultBean com.sc.mp.controller.IndexController.statsMonths()
[2021-01-05 09:49:34.314][restartedMain][INFO][org.springframework.web.servlet.handler.AbstractHandlerMethodMapping$MappingRegistry][549]:Mapped "{[/statsCity]}" onto public com.sc.mp.bean.ResultBean com.sc.mp.controller.IndexController.statsCity()
[2021-01-05 09:49:34.314][restartedMain][INFO][org.springframework.web.servlet.handler.AbstractHandlerMethodMapping$MappingRegistry][549]:Mapped "{[/organizations]}" onto public com.sc.mp.bean.ResultBean com.sc.mp.controller.IndexController.getOrganizations(java.lang.String,java.lang.String,java.lang.String)
[2021-01-05 09:49:34.314][restartedMain][INFO][org.springframework.web.servlet.handler.AbstractHandlerMethodMapping$MappingRegistry][549]:Mapped "{[/reporting],methods=[POST]}" onto public com.sc.mp.bean.ResultBean com.sc.mp.controller.IndexController.getReporting(java.lang.String)
[2021-01-05 09:49:34.315][restartedMain][INFO][org.springframework.web.servlet.handler.AbstractHandlerMethodMapping$MappingRegistry][549]:Mapped "{[/searchUser],methods=[GET]}" onto public java.lang.String com.sc.mp.controller.IndexController.searchOperativeNames(java.lang.String,java.lang.Integer)
[2021-01-05 09:49:34.317][restartedMain][INFO][org.springframework.web.servlet.handler.AbstractHandlerMethodMapping$MappingRegistry][549]:Mapped "{[/xcx/getBeforeSevenOperativeCount],methods=[GET]}" onto public com.sc.mp.bean.ResultBean com.sc.mp.controller.XcxController.getBeforeSevenOperativeCount(java.lang.String)
[2021-01-05 09:49:34.318][restartedMain][INFO][org.springframework.web.servlet.handler.AbstractHandlerMethodMapping$MappingRegistry][549]:Mapped "{[/xcx/login],methods=[POST]}" onto public com.sc.mp.bean.ResultBean com.sc.mp.controller.XcxController.login(java.util.Map<java.lang.String, java.lang.Object>)
[2021-01-05 09:49:34.318][restartedMain][INFO][org.springframework.web.servlet.handler.AbstractHandlerMethodMapping$MappingRegistry][549]:Mapped "{[/xcx/getDocDetail],methods=[GET]}" onto public com.sc.mp.bean.ResultBean com.sc.mp.controller.XcxController.getDocDetail(java.lang.String)
[2021-01-05 09:49:34.318][restartedMain][INFO][org.springframework.web.servlet.handler.AbstractHandlerMethodMapping$MappingRegistry][549]:Mapped "{[/xcx/searchOrderList],methods=[POST]}" onto public com.sc.mp.bean.PageResultBean<com.sc.mp.model.WebScDoc> com.sc.mp.controller.XcxController.searchOrderList(java.util.Map<java.lang.String, java.lang.Object>)
[2021-01-05 09:49:34.319][restartedMain][INFO][org.springframework.web.servlet.handler.AbstractHandlerMethodMapping$MappingRegistry][549]:Mapped "{[/xcx/orderEvaluate],methods=[POST]}" onto public com.sc.mp.bean.ResultBean com.sc.mp.controller.XcxController.orderEvaluate(java.util.Map<java.lang.String, java.lang.Object>)
[2021-01-05 09:49:34.319][restartedMain][INFO][org.springframework.web.servlet.handler.AbstractHandlerMethodMapping$MappingRegistry][549]:Mapped "{[/xcx/saveOrder],methods=[POST]}" onto public com.sc.mp.bean.ResultBean com.sc.mp.controller.XcxController.saveOrder(com.sc.mp.model.WebScDoc)
[2021-01-05 09:49:34.319][restartedMain][INFO][org.springframework.web.servlet.handler.AbstractHandlerMethodMapping$MappingRegistry][549]:Mapped "{[/xcx/signOut],methods=[POST]}" onto public com.sc.mp.bean.ResultBean com.sc.mp.controller.XcxController.signOut(java.util.Map<java.lang.String, java.lang.Object>)
[2021-01-05 09:49:34.320][restartedMain][INFO][org.springframework.web.servlet.handler.AbstractHandlerMethodMapping$MappingRegistry][549]:Mapped "{[/xcx/autoLogin],methods=[POST]}" onto public com.sc.mp.bean.ResultBean com.sc.mp.controller.XcxController.autoLogin(java.util.Map<java.lang.String, java.lang.Object>)
[2021-01-05 09:49:34.320][restartedMain][INFO][org.springframework.web.servlet.handler.AbstractHandlerMethodMapping$MappingRegistry][549]:Mapped "{[/xcx/getAnestheticsAndOperatives],methods=[GET]}" onto public com.sc.mp.bean.ResultBean com.sc.mp.controller.XcxController.getAnestheticsAndOperatives()
[2021-01-05 09:49:34.320][restartedMain][INFO][org.springframework.web.servlet.handler.AbstractHandlerMethodMapping$MappingRegistry][549]:Mapped "{[/xcx/getOperativeCount],methods=[GET]}" onto public com.sc.mp.bean.ResultBean com.sc.mp.controller.XcxController.getOperativeCount(java.lang.String)
[2021-01-05 09:49:34.321][restartedMain][INFO][org.springframework.web.servlet.handler.AbstractHandlerMethodMapping$MappingRegistry][549]:Mapped "{[/xcx/updOperativeLucene],methods=[POST]}" onto public com.sc.mp.bean.ResultBean com.sc.mp.controller.XcxController.updOperativeLucene(java.util.Map<java.lang.String, java.lang.Object>)
[2021-01-05 09:49:34.321][restartedMain][INFO][org.springframework.web.servlet.handler.AbstractHandlerMethodMapping$MappingRegistry][549]:Mapped "{[/xcx/searchOperativeNames],methods=[POST]}" onto public com.sc.mp.bean.ResultBean com.sc.mp.controller.XcxController.searchOperativeNames(java.util.Map<java.lang.String, java.lang.Object>)
[2021-01-05 09:49:34.323][restartedMain][INFO][org.springframework.web.servlet.handler.AbstractHandlerMethodMapping$MappingRegistry][549]:Mapped "{[/error]}" onto public org.springframework.http.ResponseEntity<java.util.Map<java.lang.String, java.lang.Object>> org.springframework.boot.autoconfigure.web.servlet.error.BasicErrorController.error(javax.servlet.http.HttpServletRequest)
[2021-01-05 09:49:34.323][restartedMain][INFO][org.springframework.web.servlet.handler.AbstractHandlerMethodMapping$MappingRegistry][549]:Mapped "{[/error],produces=[text/html]}" onto public org.springframework.web.servlet.ModelAndView org.springframework.boot.autoconfigure.web.servlet.error.BasicErrorController.errorHtml(javax.servlet.http.HttpServletRequest,javax.servlet.http.HttpServletResponse)
[2021-01-05 09:49:34.339][restartedMain][INFO][org.springframework.web.servlet.handler.AbstractUrlHandlerMapping][373]:Mapped URL path [/webjars/**] onto handler of type [class org.springframework.web.servlet.resource.ResourceHttpRequestHandler]
[2021-01-05 09:49:34.340][restartedMain][INFO][org.springframework.web.servlet.handler.AbstractUrlHandlerMapping][373]:Mapped URL path [/**] onto handler of type [class org.springframework.web.servlet.resource.ResourceHttpRequestHandler]
[2021-01-05 09:49:34.524][restartedMain][INFO][org.springframework.boot.devtools.autoconfigure.OptionalLiveReloadServer][57]:LiveReload server is running on port 35729
[2021-01-05 09:49:34.538][restartedMain][INFO][org.springframework.jmx.export.MBeanExporter][433]:Registering beans for JMX exposure on startup
[2021-01-05 09:49:34.539][restartedMain][INFO][org.springframework.jmx.export.MBeanExporter][895]:Bean with name 'dataSource' has been autodetected for JMX exposure
[2021-01-05 09:49:34.541][restartedMain][INFO][org.springframework.jmx.export.MBeanExporter][668]:Located MBean 'dataSource': registering with JMX server as MBean [websc-mp:name=dataSource,type=DruidDataSource]
[2021-01-05 09:49:34.546][restartedMain][INFO][org.apache.juli.logging.DirectJDKLog][180]:Starting ProtocolHandler ["http-nio-9090"]
[2021-01-05 09:49:34.548][restartedMain][INFO][org.apache.juli.logging.DirectJDKLog][180]:Using a shared selector for servlet write/read
[2021-01-05 09:49:34.552][restartedMain][INFO][org.springframework.boot.web.embedded.tomcat.TomcatWebServer][206]:Tomcat started on port(s): 9090 (http) with context path ''
[2021-01-05 09:49:34.553][restartedMain][INFO][org.springframework.boot.StartupInfoLogger][59]:Started MpApplication in 1.268 seconds (JVM running for 66993.491)
[2021-01-05 09:49:34.563][restartedMain][INFO][org.springframework.boot.devtools.autoconfigure.ConditionEvaluationDeltaLoggingListener][56]:Condition evaluation unchanged
[2021-01-05 09:49:53.237][Thread-28][INFO][org.springframework.context.support.AbstractApplicationContext][991]:Closing org.springframework.boot.web.servlet.context.AnnotationConfigServletWebServerApplicationContext@774b065c: startup date [Tue Jan 05 09:49:33 CST 2021]; root of context hierarchy
[2021-01-05 09:49:53.239][Thread-28][INFO][org.springframework.jmx.export.MBeanExporter][451]:Unregistering JMX-exposed beans on shutdown
[2021-01-05 09:49:53.239][Thread-28][INFO][org.springframework.jmx.support.MBeanRegistrationSupport][185]:Unregistering JMX-exposed beans
[2021-01-05 09:49:53.952][restartedMain][INFO][org.springframework.boot.StartupInfoLogger][50]:Starting MpApplication on Aisino-Chulf with PID 30616 (D:\work\workspace\WebSc-MP-Pro\target\classes started by Chulf in D:\work\workspace\WebSc-MP-Pro)
[2021-01-05 09:49:53.952][restartedMain][INFO][org.springframework.boot.SpringApplication][658]:The following profiles are active: dev
[2021-01-05 09:49:53.954][restartedMain][INFO][org.springframework.context.support.AbstractApplicationContext][588]:Refreshing org.springframework.boot.web.servlet.context.AnnotationConfigServletWebServerApplicationContext@5b3558c0: startup date [Tue Jan 05 09:49:53 CST 2021]; root of context hierarchy
[2021-01-05 09:49:54.195][restartedMain][INFO][org.springframework.data.repository.config.RepositoryConfigurationDelegate][172]:Multiple Spring Data modules found, entering strict repository configuration mode!
[2021-01-05 09:49:54.269][restartedMain][INFO][org.springframework.context.support.PostProcessorRegistrationDelegate$BeanPostProcessorChecker][326]:Bean 'org.springframework.transaction.annotation.ProxyTransactionManagementConfiguration' of type [org.springframework.transaction.annotation.ProxyTransactionManagementConfiguration$$EnhancerBySpringCGLIB$$7f15e8b8] is not eligible for getting processed by all BeanPostProcessors (for example: not eligible for auto-proxying)
[2021-01-05 09:49:54.409][restartedMain][INFO][org.springframework.boot.web.embedded.tomcat.TomcatWebServer][91]:Tomcat initialized with port(s): 9090 (http)
[2021-01-05 09:49:54.410][restartedMain][INFO][org.apache.juli.logging.DirectJDKLog][180]:Initializing ProtocolHandler ["http-nio-9090"]
[2021-01-05 09:49:54.410][restartedMain][INFO][org.apache.juli.logging.DirectJDKLog][180]:Starting service [Tomcat]
[2021-01-05 09:49:54.411][restartedMain][INFO][org.apache.juli.logging.DirectJDKLog][180]:Starting Servlet Engine: Apache Tomcat/8.5.34
[2021-01-05 09:49:54.411][localhost-startStop-1][INFO][org.apache.juli.logging.DirectJDKLog][180]:Loaded APR based Apache Tomcat Native library [1.2.14] using APR version [1.6.2].
[2021-01-05 09:49:54.412][localhost-startStop-1][INFO][org.apache.juli.logging.DirectJDKLog][180]:APR capabilities: IPv6 [true], sendfile [true], accept filters [false], random [true].
[2021-01-05 09:49:54.412][localhost-startStop-1][INFO][org.apache.juli.logging.DirectJDKLog][180]:APR/OpenSSL configuration: useAprConnector [false], useOpenSSL [true]
[2021-01-05 09:49:54.412][localhost-startStop-1][INFO][org.apache.juli.logging.DirectJDKLog][180]:OpenSSL successfully initialized [OpenSSL 1.0.2l  25 May 2017]
[2021-01-05 09:49:54.431][localhost-startStop-1][INFO][org.apache.juli.logging.DirectJDKLog][180]:Initializing Spring embedded WebApplicationContext
[2021-01-05 09:49:54.431][localhost-startStop-1][INFO][org.springframework.boot.web.servlet.context.ServletWebServerApplicationContext][285]:Root WebApplicationContext: initialization completed in 477 ms
[2021-01-05 09:49:54.443][localhost-startStop-1][INFO][org.springframework.boot.web.servlet.ServletRegistrationBean][187]:Servlet dispatcherServlet mapped to [/]
[2021-01-05 09:49:54.443][localhost-startStop-1][INFO][org.springframework.boot.web.servlet.AbstractFilterRegistrationBean][245]:Mapping filter: 'characterEncodingFilter' to: [/*]
[2021-01-05 09:49:54.443][localhost-startStop-1][INFO][org.springframework.boot.web.servlet.AbstractFilterRegistrationBean][245]:Mapping filter: 'hiddenHttpMethodFilter' to: [/*]
[2021-01-05 09:49:54.443][localhost-startStop-1][INFO][org.springframework.boot.web.servlet.AbstractFilterRegistrationBean][245]:Mapping filter: 'httpPutFormContentFilter' to: [/*]
[2021-01-05 09:49:54.443][localhost-startStop-1][INFO][org.springframework.boot.web.servlet.AbstractFilterRegistrationBean][245]:Mapping filter: 'requestContextFilter' to: [/*]
[2021-01-05 09:49:54.689][restartedMain][INFO][org.springframework.web.servlet.handler.AbstractUrlHandlerMapping][373]:Mapped URL path [/**/favicon.ico] onto handler of type [class org.springframework.web.servlet.resource.ResourceHttpRequestHandler]
[2021-01-05 09:49:54.770][restartedMain][INFO][org.springframework.web.servlet.mvc.method.annotation.RequestMappingHandlerAdapter][588]:Looking for @ControllerAdvice: org.springframework.boot.web.servlet.context.AnnotationConfigServletWebServerApplicationContext@5b3558c0: startup date [Tue Jan 05 09:49:53 CST 2021]; root of context hierarchy
[2021-01-05 09:49:54.781][restartedMain][INFO][org.springframework.web.servlet.handler.AbstractHandlerMethodMapping$MappingRegistry][549]:Mapped "{[/toDocList],methods=[GET]}" onto public java.lang.String com.sc.mp.controller.DocController.toDocList(javax.servlet.http.HttpServletRequest,javax.servlet.http.HttpServletResponse,org.springframework.ui.Model,java.lang.String)
[2021-01-05 09:49:54.781][restartedMain][INFO][org.springframework.web.servlet.handler.AbstractHandlerMethodMapping$MappingRegistry][549]:Mapped "{[/toDocListInit]}" onto public com.alibaba.fastjson.JSONObject com.sc.mp.controller.DocController.DocListInit(javax.servlet.http.HttpServletRequest,javax.servlet.http.HttpServletResponse,java.lang.String)
[2021-01-05 09:49:54.782][restartedMain][INFO][org.springframework.web.servlet.handler.AbstractHandlerMethodMapping$MappingRegistry][549]:Mapped "{[/toDocDetail]}" onto public java.lang.String com.sc.mp.controller.DocController.toDocDetail(javax.servlet.http.HttpServletRequest,javax.servlet.http.HttpServletResponse,org.springframework.ui.Model,java.lang.String,java.lang.String)
[2021-01-05 09:49:54.782][restartedMain][INFO][org.springframework.web.servlet.handler.AbstractHandlerMethodMapping$MappingRegistry][549]:Mapped "{[/showTeam]}" onto public com.alibaba.fastjson.JSONObject com.sc.mp.controller.DocController.showTeam(java.lang.String)
[2021-01-05 09:49:54.782][restartedMain][INFO][org.springframework.web.servlet.handler.AbstractHandlerMethodMapping$MappingRegistry][549]:Mapped "{[/transferuser]}" onto public com.alibaba.fastjson.JSONObject com.sc.mp.controller.DocController.transferuser(javax.servlet.http.HttpServletRequest,javax.servlet.http.HttpServletResponse,java.lang.String,java.lang.String)
[2021-01-05 09:49:54.782][restartedMain][INFO][org.springframework.web.servlet.handler.AbstractHandlerMethodMapping$MappingRegistry][549]:Mapped "{[/getQaUserInfo]}" onto public com.alibaba.fastjson.JSONObject com.sc.mp.controller.DocController.getQaUserInfo(javax.servlet.http.HttpServletRequest,javax.servlet.http.HttpServletResponse,java.lang.String,java.lang.String,java.lang.String)
[2021-01-05 09:49:54.783][restartedMain][INFO][org.springframework.web.servlet.handler.AbstractHandlerMethodMapping$MappingRegistry][549]:Mapped "{[/updateDocInfo]}" onto public com.alibaba.fastjson.JSONObject com.sc.mp.controller.DocController.updateDocInfo(javax.servlet.http.HttpServletRequest,javax.servlet.http.HttpServletResponse)
[2021-01-05 09:49:54.783][restartedMain][INFO][org.springframework.web.servlet.handler.AbstractHandlerMethodMapping$MappingRegistry][549]:Mapped "{[/addQaTeamUser]}" onto public com.alibaba.fastjson.JSONObject com.sc.mp.controller.DocController.addQaTeamUser(java.lang.String,java.lang.String,java.lang.String)
[2021-01-05 09:49:54.783][restartedMain][INFO][org.springframework.web.servlet.handler.AbstractHandlerMethodMapping$MappingRegistry][549]:Mapped "{[/delQaTeamUser]}" onto public com.alibaba.fastjson.JSONObject com.sc.mp.controller.DocController.delQaTeamUser(java.lang.String,java.lang.String)
[2021-01-05 09:49:54.783][restartedMain][INFO][org.springframework.web.servlet.handler.AbstractHandlerMethodMapping$MappingRegistry][549]:Mapped "{[/getDistributionDrGridList]}" onto public com.alibaba.fastjson.JSONObject com.sc.mp.controller.DocController.getDistributionDrGridList(javax.servlet.http.HttpServletRequest,javax.servlet.http.HttpServletResponse,java.lang.String,java.lang.String)
[2021-01-05 09:49:54.785][restartedMain][INFO][org.springframework.web.servlet.handler.AbstractHandlerMethodMapping$MappingRegistry][549]:Mapped "{[/index]}" onto public java.lang.String com.sc.mp.controller.IndexController.index(javax.servlet.http.HttpServletRequest,org.springframework.ui.Model)
[2021-01-05 09:49:54.786][restartedMain][INFO][org.springframework.web.servlet.handler.AbstractHandlerMethodMapping$MappingRegistry][549]:Mapped "{[/addCalendar],methods=[POST]}" onto public com.sc.mp.bean.ResultBean com.sc.mp.controller.IndexController.addCalendar(javax.servlet.http.HttpServletRequest)
[2021-01-05 09:49:54.786][restartedMain][INFO][org.springframework.web.servlet.handler.AbstractHandlerMethodMapping$MappingRegistry][549]:Mapped "{[/calendar/del/{id}],methods=[DELETE]}" onto public com.sc.mp.bean.ResultBean com.sc.mp.controller.IndexController.delCalendar(javax.servlet.http.HttpServletRequest,java.lang.String)
[2021-01-05 09:49:54.786][restartedMain][INFO][org.springframework.web.servlet.handler.AbstractHandlerMethodMapping$MappingRegistry][549]:Mapped "{[/toLogin]}" onto public java.lang.String com.sc.mp.controller.IndexController.goLogin()
[2021-01-05 09:49:54.786][restartedMain][INFO][org.springframework.web.servlet.handler.AbstractHandlerMethodMapping$MappingRegistry][549]:Mapped "{[/login]}" onto public java.lang.String com.sc.mp.controller.IndexController.wxworkLogin(javax.servlet.http.HttpServletRequest,java.lang.String,org.springframework.ui.Model)
[2021-01-05 09:49:54.787][restartedMain][INFO][org.springframework.web.servlet.handler.AbstractHandlerMethodMapping$MappingRegistry][549]:Mapped "{[/tip]}" onto public java.lang.String com.sc.mp.controller.IndexController.tip()
[2021-01-05 09:49:54.787][restartedMain][INFO][org.springframework.web.servlet.handler.AbstractHandlerMethodMapping$MappingRegistry][549]:Mapped "{[/calendarScroll],methods=[GET]}" onto public com.sc.mp.bean.PageResultBean<com.sc.mp.model.WebScCalendar> com.sc.mp.controller.IndexController.getCalendarList(javax.servlet.http.HttpServletRequest,int,int,java.lang.String)
[2021-01-05 09:49:54.787][restartedMain][INFO][org.springframework.web.servlet.handler.AbstractHandlerMethodMapping$MappingRegistry][549]:Mapped "{[/login],methods=[POST]}" onto public java.lang.String com.sc.mp.controller.IndexController.login(javax.servlet.http.HttpServletRequest,java.lang.String,java.lang.String,java.lang.String,java.lang.String,org.springframework.ui.Model)
[2021-01-05 09:49:54.788][restartedMain][INFO][org.springframework.web.servlet.handler.AbstractHandlerMethodMapping$MappingRegistry][549]:Mapped "{[/logout]}" onto public java.lang.String com.sc.mp.controller.IndexController.logout(javax.servlet.http.HttpServletRequest,org.springframework.web.servlet.mvc.support.RedirectAttributes)
[2021-01-05 09:49:54.788][restartedMain][INFO][org.springframework.web.servlet.handler.AbstractHandlerMethodMapping$MappingRegistry][549]:Mapped "{[/calendars],methods=[GET]}" onto public com.sc.mp.bean.PageResultBean<com.sc.mp.model.WebScCalendar> com.sc.mp.controller.IndexController.getMyCalendars(javax.servlet.http.HttpServletRequest)
[2021-01-05 09:49:54.788][restartedMain][INFO][org.springframework.web.servlet.handler.AbstractHandlerMethodMapping$MappingRegistry][549]:Mapped "{[/statsWork]}" onto public com.sc.mp.bean.ResultBean com.sc.mp.controller.IndexController.statsWork()
[2021-01-05 09:49:54.788][restartedMain][INFO][org.springframework.web.servlet.handler.AbstractHandlerMethodMapping$MappingRegistry][549]:Mapped "{[/statsMonths]}" onto public com.sc.mp.bean.ResultBean com.sc.mp.controller.IndexController.statsMonths()
[2021-01-05 09:49:54.788][restartedMain][INFO][org.springframework.web.servlet.handler.AbstractHandlerMethodMapping$MappingRegistry][549]:Mapped "{[/statsCity]}" onto public com.sc.mp.bean.ResultBean com.sc.mp.controller.IndexController.statsCity()
[2021-01-05 09:49:54.789][restartedMain][INFO][org.springframework.web.servlet.handler.AbstractHandlerMethodMapping$MappingRegistry][549]:Mapped "{[/organizations]}" onto public com.sc.mp.bean.ResultBean com.sc.mp.controller.IndexController.getOrganizations(java.lang.String,java.lang.String,java.lang.String)
[2021-01-05 09:49:54.789][restartedMain][INFO][org.springframework.web.servlet.handler.AbstractHandlerMethodMapping$MappingRegistry][549]:Mapped "{[/reporting],methods=[POST]}" onto public com.sc.mp.bean.ResultBean com.sc.mp.controller.IndexController.getReporting(java.lang.String)
[2021-01-05 09:49:54.789][restartedMain][INFO][org.springframework.web.servlet.handler.AbstractHandlerMethodMapping$MappingRegistry][549]:Mapped "{[/searchUser],methods=[GET]}" onto public java.lang.String com.sc.mp.controller.IndexController.searchOperativeNames(java.lang.String,java.lang.Integer)
[2021-01-05 09:49:54.793][restartedMain][INFO][org.springframework.web.servlet.handler.AbstractHandlerMethodMapping$MappingRegistry][549]:Mapped "{[/xcx/getBeforeSevenOperativeCount],methods=[GET]}" onto public com.sc.mp.bean.ResultBean com.sc.mp.controller.XcxController.getBeforeSevenOperativeCount(java.lang.String)
[2021-01-05 09:49:54.794][restartedMain][INFO][org.springframework.web.servlet.handler.AbstractHandlerMethodMapping$MappingRegistry][549]:Mapped "{[/xcx/login],methods=[POST]}" onto public com.sc.mp.bean.ResultBean com.sc.mp.controller.XcxController.login(java.util.Map<java.lang.String, java.lang.Object>)
[2021-01-05 09:49:54.794][restartedMain][INFO][org.springframework.web.servlet.handler.AbstractHandlerMethodMapping$MappingRegistry][549]:Mapped "{[/xcx/getDocDetail],methods=[GET]}" onto public com.sc.mp.bean.ResultBean com.sc.mp.controller.XcxController.getDocDetail(java.lang.String)
[2021-01-05 09:49:54.795][restartedMain][INFO][org.springframework.web.servlet.handler.AbstractHandlerMethodMapping$MappingRegistry][549]:Mapped "{[/xcx/searchOrderList],methods=[POST]}" onto public com.sc.mp.bean.PageResultBean<com.sc.mp.model.WebScDoc> com.sc.mp.controller.XcxController.searchOrderList(java.util.Map<java.lang.String, java.lang.Object>)
[2021-01-05 09:49:54.795][restartedMain][INFO][org.springframework.web.servlet.handler.AbstractHandlerMethodMapping$MappingRegistry][549]:Mapped "{[/xcx/orderEvaluate],methods=[POST]}" onto public com.sc.mp.bean.ResultBean com.sc.mp.controller.XcxController.orderEvaluate(java.util.Map<java.lang.String, java.lang.Object>)
[2021-01-05 09:49:54.795][restartedMain][INFO][org.springframework.web.servlet.handler.AbstractHandlerMethodMapping$MappingRegistry][549]:Mapped "{[/xcx/saveOrder],methods=[POST]}" onto public com.sc.mp.bean.ResultBean com.sc.mp.controller.XcxController.saveOrder(com.sc.mp.model.WebScDoc)
[2021-01-05 09:49:54.795][restartedMain][INFO][org.springframework.web.servlet.handler.AbstractHandlerMethodMapping$MappingRegistry][549]:Mapped "{[/xcx/signOut],methods=[POST]}" onto public com.sc.mp.bean.ResultBean com.sc.mp.controller.XcxController.signOut(java.util.Map<java.lang.String, java.lang.Object>)
[2021-01-05 09:49:54.796][restartedMain][INFO][org.springframework.web.servlet.handler.AbstractHandlerMethodMapping$MappingRegistry][549]:Mapped "{[/xcx/autoLogin],methods=[POST]}" onto public com.sc.mp.bean.ResultBean com.sc.mp.controller.XcxController.autoLogin(java.util.Map<java.lang.String, java.lang.Object>)
[2021-01-05 09:49:54.796][restartedMain][INFO][org.springframework.web.servlet.handler.AbstractHandlerMethodMapping$MappingRegistry][549]:Mapped "{[/xcx/getAnestheticsAndOperatives],methods=[GET]}" onto public com.sc.mp.bean.ResultBean com.sc.mp.controller.XcxController.getAnestheticsAndOperatives()
[2021-01-05 09:49:54.796][restartedMain][INFO][org.springframework.web.servlet.handler.AbstractHandlerMethodMapping$MappingRegistry][549]:Mapped "{[/xcx/getOperativeCount],methods=[GET]}" onto public com.sc.mp.bean.ResultBean com.sc.mp.controller.XcxController.getOperativeCount(java.lang.String)
[2021-01-05 09:49:54.796][restartedMain][INFO][org.springframework.web.servlet.handler.AbstractHandlerMethodMapping$MappingRegistry][549]:Mapped "{[/xcx/updOperativeLucene],methods=[POST]}" onto public com.sc.mp.bean.ResultBean com.sc.mp.controller.XcxController.updOperativeLucene(java.util.Map<java.lang.String, java.lang.Object>)
[2021-01-05 09:49:54.797][restartedMain][INFO][org.springframework.web.servlet.handler.AbstractHandlerMethodMapping$MappingRegistry][549]:Mapped "{[/xcx/searchOperativeNames],methods=[POST]}" onto public com.sc.mp.bean.ResultBean com.sc.mp.controller.XcxController.searchOperativeNames(java.util.Map<java.lang.String, java.lang.Object>)
[2021-01-05 09:49:54.798][restartedMain][INFO][org.springframework.web.servlet.handler.AbstractHandlerMethodMapping$MappingRegistry][549]:Mapped "{[/error]}" onto public org.springframework.http.ResponseEntity<java.util.Map<java.lang.String, java.lang.Object>> org.springframework.boot.autoconfigure.web.servlet.error.BasicErrorController.error(javax.servlet.http.HttpServletRequest)
[2021-01-05 09:49:54.798][restartedMain][INFO][org.springframework.web.servlet.handler.AbstractHandlerMethodMapping$MappingRegistry][549]:Mapped "{[/error],produces=[text/html]}" onto public org.springframework.web.servlet.ModelAndView org.springframework.boot.autoconfigure.web.servlet.error.BasicErrorController.errorHtml(javax.servlet.http.HttpServletRequest,javax.servlet.http.HttpServletResponse)
[2021-01-05 09:49:54.815][restartedMain][INFO][org.springframework.web.servlet.handler.AbstractUrlHandlerMapping][373]:Mapped URL path [/webjars/**] onto handler of type [class org.springframework.web.servlet.resource.ResourceHttpRequestHandler]
[2021-01-05 09:49:54.815][restartedMain][INFO][org.springframework.web.servlet.handler.AbstractUrlHandlerMapping][373]:Mapped URL path [/**] onto handler of type [class org.springframework.web.servlet.resource.ResourceHttpRequestHandler]
[2021-01-05 09:49:54.962][restartedMain][INFO][org.springframework.boot.devtools.autoconfigure.OptionalLiveReloadServer][57]:LiveReload server is running on port 35729
[2021-01-05 09:49:54.971][restartedMain][INFO][org.springframework.jmx.export.MBeanExporter][433]:Registering beans for JMX exposure on startup
[2021-01-05 09:49:54.971][restartedMain][INFO][org.springframework.jmx.export.MBeanExporter][895]:Bean with name 'dataSource' has been autodetected for JMX exposure
[2021-01-05 09:49:54.973][restartedMain][INFO][org.springframework.jmx.export.MBeanExporter][668]:Located MBean 'dataSource': registering with JMX server as MBean [websc-mp:name=dataSource,type=DruidDataSource]
[2021-01-05 09:49:54.976][restartedMain][INFO][org.apache.juli.logging.DirectJDKLog][180]:Starting ProtocolHandler ["http-nio-9090"]
[2021-01-05 09:49:54.977][restartedMain][INFO][org.apache.juli.logging.DirectJDKLog][180]:Using a shared selector for servlet write/read
[2021-01-05 09:49:54.979][restartedMain][INFO][org.springframework.boot.web.embedded.tomcat.TomcatWebServer][206]:Tomcat started on port(s): 9090 (http) with context path ''
[2021-01-05 09:49:54.980][restartedMain][INFO][org.springframework.boot.StartupInfoLogger][59]:Started MpApplication in 1.066 seconds (JVM running for 67013.918)
[2021-01-05 09:49:54.990][restartedMain][INFO][org.springframework.boot.devtools.autoconfigure.ConditionEvaluationDeltaLoggingListener][56]:Condition evaluation unchanged
